<?xml version="1.0" encoding="UTF-8"?>
<testng-results skipped="0" failed="0" ignored="0" total="1" passed="1">
  <reporter-output>
  </reporter-output>
  <suite name="Default suite" duration-ms="58" started-at="2019-01-06T22:47:08Z" finished-at="2019-01-06T22:47:08Z">
    <groups>
    </groups>
    <test name="Default test" duration-ms="58" started-at="2019-01-06T22:47:08Z" finished-at="2019-01-06T22:47:08Z">
      <class name="com.kannu.funny.LoginTestNG">
        <test-method status="PASS" signature="testLoginPage()[pri:0, instance:com.kannu.funny.LoginTestNG@82d90952]" name="testLoginPage" duration-ms="15" started-at="2019-01-06T22:47:08Z" finished-at="2019-01-06T22:47:08Z">
          <reporter-output>
          </reporter-output>
        </test-method> <!-- testLoginPage -->
      </class> <!-- com.kannu.funny.LoginTestNG -->
    </test> <!-- Default test -->
  </suite> <!-- Default suite -->
</testng-results>
